<?xml version="1.0" encoding="UTF-8"?>
<testsuite xmlns:xsi="http://www.w3.org/2001/XMLSchema-instance" xsi:noNamespaceSchemaLocation="https://maven.apache.org/surefire/maven-surefire-plugin/xsd/surefire-test-report.xsd" name="CTPS.puzzlesolver.ReferenceMapTest" time="0.242" tests="4" errors="0" skipped="0" failures="0">
  <properties>
[...]
</properties>
  <testcase name="test_structure_mixed_up_purses" classname="CTPS.puzzlesolver.ReferenceMapTest" time="0.213"/>
  <testcase name="test_isSolved" classname="CTPS.puzzlesolver.ReferenceMapTest" time="0.002"/>
  <testcase name="test_set" classname="CTPS.puzzlesolver.ReferenceMapTest" time="0.003"/>
  <testcase name="test_get_solvable_map" classname="CTPS.puzzlesolver.ReferenceMapTest" time="0.002"/>
</testsuite>